[35m[1mScanning dependencies of target control_sub[0m
[ 50%] [32mBuilding CXX object CMakeFiles/control_sub.dir/src/control_sub.cpp.o[0m
In file included from [01m[K/home/robot/Xmate3/xmate_control/src/sub/src/control_sub.cpp:14[m[K:
[01m[K/home/robot/Xmate3/xmate_control/src/sub/src/IK_solution.cpp:[m[K In constructor â€˜[01m[KIK_solution::IK_solution(const Eigen::Matrix<double, 7, 4>&, const std::vector<double, std::allocator<double> >&, const std::vector<double, std::allocator<double> >&, const Matrix4d&, const Matrix4d&, double)[m[Kâ€™:
[01m[K/home/robot/Xmate3/xmate_control/src/sub/src/IK_solution.cpp:30:44:[m[K [01;35m[Kwarning: [m[Kunused parameter â€˜[01m[Klower_bond[m[Kâ€™ [[01;35m[K-Wunused-parameter[m[K]
   30 |                 [01;35m[Kconst std::vector<double>& lower_bond[m[K,
      |                 [01;35m[K~~~~~~~~~~~~~~~~~~~~~~~~~~~^~~~~~~~~~[m[K
[01m[K/home/robot/Xmate3/xmate_control/src/sub/src/IK_solution.cpp:31:44:[m[K [01;35m[Kwarning: [m[Kunused parameter â€˜[01m[Kupper_bond[m[Kâ€™ [[01;35m[K-Wunused-parameter[m[K]
   31 |                 [01;35m[Kconst std::vector<double>& upper_bond[m[K,
      |                 [01;35m[K~~~~~~~~~~~~~~~~~~~~~~~~~~~^~~~~~~~~~[m[K
[01m[K/home/robot/Xmate3/xmate_control/src/sub/src/control_sub.cpp:[m[K In lambda function:
[01m[K/home/robot/Xmate3/xmate_control/src/sub/src/control_sub.cpp:198:30:[m[K [01;31m[Kerror: [m[Kexpected â€˜[01m[K;[m[Kâ€™ before â€˜[01m[Kfor[m[Kâ€™
  198 |             cout<<"joint v= "
      |                              [01;31m[K^[m[K
      |                              [32m[K;[m[K
  199 |             [32m[Kfor[m[K(int i=0;i<NMBD;++i){
      |             [32m[K~~~[m[K               
[01m[K/home/robot/Xmate3/xmate_control/src/sub/src/control_sub.cpp:199:25:[m[K [01;31m[Kerror: [m[Kâ€˜[01m[Ki[m[Kâ€™ was not declared in this scope
  199 |             for(int i=0;[01;31m[Ki[m[K<NMBD;++i){
      |                         [01;31m[K^[m[K
make[2]: *** [CMakeFiles/control_sub.dir/build.make:63: CMakeFiles/control_sub.dir/src/control_sub.cpp.o] Error 1
make[1]: *** [CMakeFiles/Makefile2:78: CMakeFiles/control_sub.dir/all] Error 2
make: *** [Makefile:141: all] Error 2
