Starting >>> pub
running egg_info
creating ../../build/pub/pub.egg-info
writing ../../build/pub/pub.egg-info/PKG-INFO
writing dependency_links to ../../build/pub/pub.egg-info/dependency_links.txt
writing entry points to ../../build/pub/pub.egg-info/entry_points.txt
writing requirements to ../../build/pub/pub.egg-info/requires.txt
writing top-level names to ../../build/pub/pub.egg-info/top_level.txt
writing manifest file '../../build/pub/pub.egg-info/SOURCES.txt'
reading manifest file '../../build/pub/pub.egg-info/SOURCES.txt'
writing manifest file '../../build/pub/pub.egg-info/SOURCES.txt'
running build
running build_py
creating /home/gamemaster/code/ROS2/xmate_control/build/pub/build
creating /home/gamemaster/code/ROS2/xmate_control/build/pub/build/lib
creating /home/gamemaster/code/ROS2/xmate_control/build/pub/build/lib/pub
copying pub/__init__.py -> /home/gamemaster/code/ROS2/xmate_control/build/pub/build/lib/pub
copying pub/control_pub.py -> /home/gamemaster/code/ROS2/xmate_control/build/pub/build/lib/pub
running install
running install_lib
creating /home/gamemaster/code/ROS2/xmate_control/install/pub/lib/python3.8/site-packages/pub
copying /home/gamemaster/code/ROS2/xmate_control/build/pub/build/lib/pub/__init__.py -> /home/gamemaster/code/ROS2/xmate_control/install/pub/lib/python3.8/site-packages/pub
copying /home/gamemaster/code/ROS2/xmate_control/build/pub/build/lib/pub/control_pub.py -> /home/gamemaster/code/ROS2/xmate_control/install/pub/lib/python3.8/site-packages/pub
byte-compiling /home/gamemaster/code/ROS2/xmate_control/install/pub/lib/python3.8/site-packages/pub/__init__.py to __init__.cpython-38.pyc
byte-compiling /home/gamemaster/code/ROS2/xmate_control/install/pub/lib/python3.8/site-packages/pub/control_pub.py to control_pub.cpython-38.pyc
running install_data
creating /home/gamemaster/code/ROS2/xmate_control/install/pub/share/ament_index
creating /home/gamemaster/code/ROS2/xmate_control/install/pub/share/ament_index/resource_index
creating /home/gamemaster/code/ROS2/xmate_control/install/pub/share/ament_index/resource_index/packages
copying resource/pub -> /home/gamemaster/code/ROS2/xmate_control/install/pub/share/ament_index/resource_index/packages
copying package.xml -> /home/gamemaster/code/ROS2/xmate_control/install/pub/share/pub
running install_egg_info
Copying ../../build/pub/pub.egg-info to /home/gamemaster/code/ROS2/xmate_control/install/pub/lib/python3.8/site-packages/pub-0.0.0-py3.8.egg-info
running install_scripts
Installing control_pub script to /home/gamemaster/code/ROS2/xmate_control/install/pub/lib/pub
writing list of installed files to '/home/gamemaster/code/ROS2/xmate_control/build/pub/install.log'
Finished <<< pub [0.65s]
Starting >>> sub
-- The C compiler identification is GNU 9.4.0
-- The CXX compiler identification is GNU 9.4.0
-- Check for working C compiler: /usr/bin/cc
-- Check for working C compiler: /usr/bin/cc -- works
-- Detecting C compiler ABI info
-- Detecting C compiler ABI info - done
-- Detecting C compile features
-- Detecting C compile features - done
-- Check for working CXX compiler: /usr/bin/c++
-- Check for working CXX compiler: /usr/bin/c++ -- works
-- Detecting CXX compiler ABI info
-- Detecting CXX compiler ABI info - done
-- Detecting CXX compile features
-- Detecting CXX compile features - done
-- Found ament_cmake: 0.9.12 (/opt/ros/foxy/share/ament_cmake/cmake)
-- Found PythonInterp: /usr/bin/python3 (found suitable version "3.8.10", minimum required is "3") 
-- Using PYTHON_EXECUTABLE: /usr/bin/python3
-- Found rclcpp: 2.4.3 (/opt/ros/foxy/share/rclcpp/cmake)
-- Using all available rosidl_typesupport_c: rosidl_typesupport_fastrtps_c;rosidl_typesupport_introspection_c
-- Found rosidl_adapter: 1.3.1 (/opt/ros/foxy/share/rosidl_adapter/cmake)
-- Found OpenSSL: /usr/lib/x86_64-linux-gnu/libcrypto.so (found version "1.1.1f")  
-- Found FastRTPS: /opt/ros/foxy/include  
-- Using all available rosidl_typesupport_cpp: rosidl_typesupport_fastrtps_cpp;rosidl_typesupport_introspection_cpp
-- Found rmw_implementation_cmake: 1.0.4 (/opt/ros/foxy/share/rmw_implementation_cmake/cmake)
-- Using RMW implementation 'rmw_fastrtps_cpp' as default
-- Looking for pthread.h
-- Looking for pthread.h - found
-- Performing Test CMAKE_HAVE_LIBC_PTHREAD
-- Performing Test CMAKE_HAVE_LIBC_PTHREAD - Failed
-- Looking for pthread_create in pthreads
-- Looking for pthread_create in pthreads - not found
-- Looking for pthread_create in pthread
-- Looking for pthread_create in pthread - found
-- Found Threads: TRUE  
-- Found ament_lint_auto: 0.9.8 (/opt/ros/foxy/share/ament_lint_auto/cmake)
-- Added test 'cppcheck' to perform static code analysis on C / C++ code
-- Configured cppcheck include dirs: /home/gamemaster/code/ROS2/xmate_control/src/sub/inc;/home/gamemaster/code/ROS2/xmate_control/src/sub/inc/include
-- Configured cppcheck exclude dirs and/or files: 
-- Added test 'lint_cmake' to check CMake code style
-- Added test 'uncrustify' to check C / C++ code style
-- Configured uncrustify additional arguments: 
-- Added test 'xmllint' to check XML markup files
-- Configuring done
-- Generating done
-- Build files have been written to: /home/gamemaster/code/ROS2/xmate_control/build/sub
Scanning dependencies of target control_sub
[ 50%] Building CXX object CMakeFiles/control_sub.dir/src/control_sub.cpp.o
In file included from /home/gamemaster/code/ROS2/xmate_control/src/sub/src/control_sub.cpp:13:
/home/gamemaster/code/ROS2/xmate_control/src/sub/src/Interpolator_cubic.cpp:6:10: fatal error: boost/math/interpolators/cardinal_cubic_b_spline.hpp: No such file or directory
    6 | #include <boost/math/interpolators/cardinal_cubic_b_spline.hpp>
      |          ^~~~~~~~~~~~~~~~~~~~~~~~~~~~~~~~~~~~~~~~~~~~~~~~~~~~~~
compilation terminated.
make[2]: *** [CMakeFiles/control_sub.dir/build.make:63: CMakeFiles/control_sub.dir/src/control_sub.cpp.o] Error 1
make[1]: *** [CMakeFiles/Makefile2:78: CMakeFiles/control_sub.dir/all] Error 2
make: *** [Makefile:141: all] Error 2
Failed   <<< sub [1.36s, exited with code 2]

